<?xml version="1.0" encoding="UTF-8"?>
<!-- Generated by org.testng.reporters.JUnitReportReporter -->
<testsuite hostname="LTIN509654" failures="0" tests="1" name="testCases.TC002_BeingAtHome_SubMenuRetrieval" time="2.991" errors="0" timestamp="2024-10-23T17:37:41 IST" skipped="0">
  <testcase classname="testCases.TC002_BeingAtHome_SubMenuRetrieval" name="test_beingAtHome" time="2.991"/>
  <system-out/>
</testsuite> <!-- testCases.TC002_BeingAtHome_SubMenuRetrieval -->
