<?xml version="1.0" encoding="UTF-8"?>
<!-- Generated by org.testng.reporters.JUnitReportReporter -->
<testsuite hostname="LTIN509654" failures="0" tests="1" name="testCases.TC001_DisplayBookshelves" time="7.465" errors="0" timestamp="2024-10-23T17:37:41 IST" skipped="0">
  <testcase classname="testCases.TC001_DisplayBookshelves" name="test_displayBookShelves" time="7.465"/>
  <system-out/>
</testsuite> <!-- testCases.TC001_DisplayBookshelves -->
