<?xml version="1.0" encoding="UTF-8"?>
<!-- Generated by org.testng.reporters.JUnitReportReporter -->
<testsuite hostname="LTIN509654" failures="0" tests="1" name="testCases.TC004_DisplayStudyChairs" time="1.970" errors="0" timestamp="2024-10-23T17:37:41 IST" skipped="0">
  <testcase classname="testCases.TC004_DisplayStudyChairs" name="test_displayStudyChairs" time="1.970"/>
  <system-out/>
</testsuite> <!-- testCases.TC004_DisplayStudyChairs -->
